# JRE version: OpenJDK Runtime Environment (17.0.6) (build 17.0.6+0-b2043.56-10027231)
# Java VM: OpenJDK 64-Bit Server VM (17.0.6+0-b2043.56-10027231, mixed mode, tiered, compressed oops, compressed class ptrs, g1 gc, windows-amd64)
GC Precious Log:
 CPUs: 12 total, 12 available
 Memory: 8061M
 Large Page Support: Disabled
 NUMA Support: Disabled
 Compressed Oops: Enabled (32-bit)
 Heap Region Size: 1M
 Heap Min Capacity: 8M
 Heap Initial Capacity: 126M
 Heap Max Capacity: 2016M
 Pre-touch: Disabled
 Parallel Workers: 10
 Concurrent Workers: 3
 Concurrent Refinement Workers: 10
 Periodic GC: Disabled
Heap:
 garbage-first heap   total 102400K, used 71596K [0x0000000082000000, 0x0000000100000000)
  region size 1024K, 19 young (19456K), 2 survivors (2048K)
 Metaspace       used 70529K, committed 70848K, reserved 1114112K
  class space    used 8098K, committed 8256K, reserved 1048576K
GC Heap History (20 events):
Event: 6.766 GC heap before
{Heap before GC invocations=12 (full 0):
 garbage-first heap   total 50176K, used 36749K [0x0000000082000000, 0x0000000100000000)
  region size 1024K, 17 young (17408K), 2 survivors (2048K)
 Metaspace       used 43382K, committed 43584K, reserved 1089536K
  class space    used 5295K, committed 5376K, reserved 1048576K
}
Event: 6.772 GC heap after
{Heap after GC invocations=13 (full 0):
 garbage-first heap   total 50176K, used 23716K [0x0000000082000000, 0x0000000100000000)
  region size 1024K, 3 young (3072K), 3 survivors (3072K)
 Metaspace       used 43382K, committed 43584K, reserved 1089536K
  class space    used 5295K, committed 5376K, reserved 1048576K
}
Event: 7.343 GC heap before
{Heap before GC invocations=13 (full 0):
 garbage-first heap   total 50176K, used 33956K [0x0000000082000000, 0x0000000100000000)
  region size 1024K, 15 young (15360K), 3 survivors (3072K)
 Metaspace       used 46786K, committed 47040K, reserved 1097728K
  class space    used 5712K, committed 5824K, reserved 1048576K
}
Event: 7.354 GC heap after
{Heap after GC invocations=14 (full 0):
 garbage-first heap   total 84992K, used 24416K [0x0000000082000000, 0x0000000100000000)
  region size 1024K, 2 young (2048K), 2 survivors (2048K)
 Metaspace       used 46786K, committed 47040K, reserved 1097728K
  class space    used 5712K, committed 5824K, reserved 1048576K
}
Event: 8.367 GC heap before
{Heap before GC invocations=14 (full 0):
 garbage-first heap   total 84992K, used 67424K [0x0000000082000000, 0x0000000100000000)
  region size 1024K, 41 young (41984K), 2 survivors (2048K)
 Metaspace       used 49694K, committed 49984K, reserved 1097728K
  class space    used 6012K, committed 6144K, reserved 1048576K
}
Event: 8.383 GC heap after
{Heap after GC invocations=15 (full 0):
 garbage-first heap   total 84992K, used 31856K [0x0000000082000000, 0x0000000100000000)
  region size 1024K, 6 young (6144K), 6 survivors (6144K)
 Metaspace       used 49694K, committed 49984K, reserved 1097728K
  class space    used 6012K, committed 6144K, reserved 1048576K
}
Event: 9.794 GC heap before
{Heap before GC invocations=15 (full 0):
 garbage-first heap   total 84992K, used 62576K [0x0000000082000000, 0x0000000100000000)
  region size 1024K, 36 young (36864K), 6 survivors (6144K)
 Metaspace       used 53426K, committed 53696K, reserved 1097728K
  class space    used 6353K, committed 6464K, reserved 1048576K
}
Event: 9.818 GC heap after
{Heap after GC invocations=16 (full 0):
 garbage-first heap   total 84992K, used 36795K [0x0000000082000000, 0x0000000100000000)
  region size 1024K, 5 young (5120K), 5 survivors (5120K)
 Metaspace       used 53426K, committed 53696K, reserved 1097728K
  class space    used 6353K, committed 6464K, reserved 1048576K
}
Event: 11.219 GC heap before
{Heap before GC invocations=16 (full 0):
 garbage-first heap   total 84992K, used 64443K [0x0000000082000000, 0x0000000100000000)
  region size 1024K, 32 young (32768K), 5 survivors (5120K)
 Metaspace       used 56246K, committed 56512K, reserved 1105920K
  class space    used 6663K, committed 6784K, reserved 1048576K
}
Event: 11.238 GC heap after
{Heap after GC invocations=17 (full 0):
 garbage-first heap   total 84992K, used 40261K [0x0000000082000000, 0x0000000100000000)
  region size 1024K, 4 young (4096K), 4 survivors (4096K)
 Metaspace       used 56246K, committed 56512K, reserved 1105920K
  class space    used 6663K, committed 6784K, reserved 1048576K
}
Event: 11.420 GC heap before
{Heap before GC invocations=17 (full 0):
 garbage-first heap   total 84992K, used 43333K [0x0000000082000000, 0x0000000100000000)
  region size 1024K, 8 young (8192K), 4 survivors (4096K)
 Metaspace       used 56725K, committed 56960K, reserved 1105920K
  class space    used 6718K, committed 6848K, reserved 1048576K
}
Event: 11.430 GC heap after
{Heap after GC invocations=18 (full 0):
 garbage-first heap   total 102400K, used 40541K [0x0000000082000000, 0x0000000100000000)
  region size 1024K, 1 young (1024K), 1 survivors (1024K)
 Metaspace       used 56725K, committed 56960K, reserved 1105920K
  class space    used 6718K, committed 6848K, reserved 1048576K
}
Event: 13.246 GC heap before
{Heap before GC invocations=19 (full 0):
 garbage-first heap   total 102400K, used 75357K [0x0000000082000000, 0x0000000100000000)
  region size 1024K, 35 young (35840K), 1 survivors (1024K)
 Metaspace       used 63146K, committed 63424K, reserved 1105920K
  class space    used 7559K, committed 7680K, reserved 1048576K
}
Event: 13.261 GC heap after
{Heap after GC invocations=20 (full 0):
 garbage-first heap   total 102400K, used 44634K [0x0000000082000000, 0x0000000100000000)
  region size 1024K, 5 young (5120K), 5 survivors (5120K)
 Metaspace       used 63146K, committed 63424K, reserved 1105920K
  class space    used 7559K, committed 7680K, reserved 1048576K
}
Event: 14.587 GC heap before
{Heap before GC invocations=20 (full 0):
 garbage-first heap   total 102400K, used 78426K [0x0000000082000000, 0x0000000100000000)
  region size 1024K, 37 young (37888K), 5 survivors (5120K)
 Metaspace       used 64399K, committed 64704K, reserved 1105920K
  class space    used 7599K, committed 7744K, reserved 1048576K
}
Event: 14.615 GC heap after
{Heap after GC invocations=21 (full 0):
 garbage-first heap   total 102400K, used 50602K [0x0000000082000000, 0x0000000100000000)
  region size 1024K, 5 young (5120K), 5 survivors (5120K)
 Metaspace       used 64399K, committed 64704K, reserved 1105920K
  class space    used 7599K, committed 7744K, reserved 1048576K
}
Event: 16.659 GC heap before
{Heap before GC invocations=21 (full 0):
 garbage-first heap   total 102400K, used 78250K [0x0000000082000000, 0x0000000100000000)
  region size 1024K, 32 young (32768K), 5 survivors (5120K)
 Metaspace       used 65614K, committed 65920K, reserved 1114112K
  class space    used 7623K, committed 7744K, reserved 1048576K
}
Event: 16.679 GC heap after
{Heap after GC invocations=22 (full 0):
 garbage-first heap   total 102400K, used 54219K [0x0000000082000000, 0x0000000100000000)
  region size 1024K, 4 young (4096K), 4 survivors (4096K)
 Metaspace       used 65614K, committed 65920K, reserved 1114112K
  class space    used 7623K, committed 7744K, reserved 1048576K
}
Event: 18.287 GC heap before
{Heap before GC invocations=22 (full 0):
 garbage-first heap   total 102400K, used 78795K [0x0000000082000000, 0x0000000100000000)
  region size 1024K, 29 young (29696K), 4 survivors (4096K)
 Metaspace       used 67429K, committed 67712K, reserved 1114112K
  class space    used 7777K, committed 7936K, reserved 1048576K
}
Event: 18.303 GC heap after
{Heap after GC invocations=23 (full 0):
 garbage-first heap   total 102400K, used 56236K [0x0000000082000000, 0x0000000100000000)
  region size 1024K, 2 young (2048K), 2 survivors (2048K)
 Metaspace       used 67429K, committed 67712K, reserved 1114112K
  class space    used 7777K, committed 7936K, reserved 1048576K
}

