# JRE version: OpenJDK Runtime Environment (17.0.6) (build 17.0.6+0-b2043.56-10027231)
# Java VM: OpenJDK 64-Bit Server VM (17.0.6+0-b2043.56-10027231, mixed mode, tiered, compressed oops, compressed class ptrs, g1 gc, windows-amd64)
GC Precious Log:
 CPUs: 12 total, 12 available
 Memory: 8061M
 Large Page Support: Disabled
 NUMA Support: Disabled
 Compressed Oops: Enabled (32-bit)
 Heap Region Size: 1M
 Heap Min Capacity: 8M
 Heap Initial Capacity: 126M
 Heap Max Capacity: 2016M
 Pre-touch: Disabled
 Parallel Workers: 10
 Concurrent Workers: 3
 Concurrent Refinement Workers: 10
 Periodic GC: Disabled
Heap:
 garbage-first heap   total 110592K, used 73855K [0x0000000082000000, 0x0000000100000000)
  region size 1024K, 24 young (24576K), 4 survivors (4096K)
 Metaspace       used 67853K, committed 68160K, reserved 1114112K
  class space    used 7881K, committed 8000K, reserved 1048576K
GC Heap History (20 events):
Event: 7.516 GC heap before
{Heap before GC invocations=14 (full 0):
 garbage-first heap   total 58368K, used 26165K [0x0000000082000000, 0x0000000100000000)
  region size 1024K, 3 young (3072K), 2 survivors (2048K)
 Metaspace       used 47701K, committed 48000K, reserved 1097728K
  class space    used 5802K, committed 5952K, reserved 1048576K
}
Event: 7.519 GC heap after
{Heap after GC invocations=15 (full 0):
 garbage-first heap   total 58368K, used 26071K [0x0000000082000000, 0x0000000100000000)
  region size 1024K, 1 young (1024K), 1 survivors (1024K)
 Metaspace       used 47701K, committed 48000K, reserved 1097728K
  class space    used 5802K, committed 5952K, reserved 1048576K
}
Event: 8.795 GC heap before
{Heap before GC invocations=15 (full 0):
 garbage-first heap   total 58368K, used 48599K [0x0000000082000000, 0x0000000100000000)
  region size 1024K, 21 young (21504K), 1 survivors (1024K)
 Metaspace       used 51352K, committed 51584K, reserved 1097728K
  class space    used 6205K, committed 6336K, reserved 1048576K
}
Event: 8.805 GC heap after
{Heap after GC invocations=16 (full 0):
 garbage-first heap   total 58368K, used 31312K [0x0000000082000000, 0x0000000100000000)
  region size 1024K, 3 young (3072K), 3 survivors (3072K)
 Metaspace       used 51352K, committed 51584K, reserved 1097728K
  class space    used 6205K, committed 6336K, reserved 1048576K
}
Event: 9.061 GC heap before
{Heap before GC invocations=16 (full 0):
 garbage-first heap   total 58368K, used 34384K [0x0000000082000000, 0x0000000100000000)
  region size 1024K, 7 young (7168K), 3 survivors (3072K)
 Metaspace       used 51972K, committed 52224K, reserved 1097728K
  class space    used 6284K, committed 6400K, reserved 1048576K
}
Event: 9.068 GC heap after
{Heap after GC invocations=17 (full 0):
 garbage-first heap   total 58368K, used 32121K [0x0000000082000000, 0x0000000100000000)
  region size 1024K, 1 young (1024K), 1 survivors (1024K)
 Metaspace       used 51972K, committed 52224K, reserved 1097728K
  class space    used 6284K, committed 6400K, reserved 1048576K
}
Event: 9.246 GC heap before
{Heap before GC invocations=18 (full 0):
 garbage-first heap   total 58368K, used 46457K [0x0000000082000000, 0x0000000100000000)
  region size 1024K, 15 young (15360K), 1 survivors (1024K)
 Metaspace       used 52035K, committed 52288K, reserved 1097728K
  class space    used 6284K, committed 6400K, reserved 1048576K
}
Event: 9.249 GC heap after
{Heap after GC invocations=19 (full 0):
 garbage-first heap   total 58368K, used 32739K [0x0000000082000000, 0x0000000100000000)
  region size 1024K, 2 young (2048K), 2 survivors (2048K)
 Metaspace       used 52035K, committed 52288K, reserved 1097728K
  class space    used 6284K, committed 6400K, reserved 1048576K
}
Event: 9.500 GC heap before
{Heap before GC invocations=19 (full 0):
 garbage-first heap   total 58368K, used 46051K [0x0000000082000000, 0x0000000100000000)
  region size 1024K, 15 young (15360K), 2 survivors (2048K)
 Metaspace       used 52926K, committed 53248K, reserved 1097728K
  class space    used 6368K, committed 6528K, reserved 1048576K
}
Event: 9.506 GC heap after
{Heap after GC invocations=20 (full 0):
 garbage-first heap   total 92160K, used 33577K [0x0000000082000000, 0x0000000100000000)
  region size 1024K, 2 young (2048K), 2 survivors (2048K)
 Metaspace       used 52926K, committed 53248K, reserved 1097728K
  class space    used 6368K, committed 6528K, reserved 1048576K
}
Event: 11.195 GC heap before
{Heap before GC invocations=21 (full 0):
 garbage-first heap   total 92160K, used 69417K [0x0000000082000000, 0x0000000100000000)
  region size 1024K, 37 young (37888K), 2 survivors (2048K)
 Metaspace       used 56085K, committed 56448K, reserved 1105920K
  class space    used 6615K, committed 6784K, reserved 1048576K
}
Event: 11.215 GC heap after
{Heap after GC invocations=22 (full 0):
 garbage-first heap   total 92160K, used 38934K [0x0000000082000000, 0x0000000100000000)
  region size 1024K, 5 young (5120K), 5 survivors (5120K)
 Metaspace       used 56085K, committed 56448K, reserved 1105920K
  class space    used 6615K, committed 6784K, reserved 1048576K
}
Event: 11.944 GC heap before
{Heap before GC invocations=22 (full 0):
 garbage-first heap   total 92160K, used 69654K [0x0000000082000000, 0x0000000100000000)
  region size 1024K, 35 young (35840K), 5 survivors (5120K)
 Metaspace       used 57212K, committed 57536K, reserved 1105920K
  class space    used 6736K, committed 6912K, reserved 1048576K
}
Event: 11.966 GC heap after
{Heap after GC invocations=23 (full 0):
 garbage-first heap   total 92160K, used 43972K [0x0000000082000000, 0x0000000100000000)
  region size 1024K, 5 young (5120K), 5 survivors (5120K)
 Metaspace       used 57212K, committed 57536K, reserved 1105920K
  class space    used 6736K, committed 6912K, reserved 1048576K
}
Event: 13.561 GC heap before
{Heap before GC invocations=23 (full 0):
 garbage-first heap   total 92160K, used 70596K [0x0000000082000000, 0x0000000100000000)
  region size 1024K, 31 young (31744K), 5 survivors (5120K)
 Metaspace       used 62370K, committed 62656K, reserved 1105920K
  class space    used 7446K, committed 7552K, reserved 1048576K
}
Event: 13.577 GC heap after
{Heap after GC invocations=24 (full 0):
 garbage-first heap   total 92160K, used 46177K [0x0000000082000000, 0x0000000100000000)
  region size 1024K, 3 young (3072K), 3 survivors (3072K)
 Metaspace       used 62370K, committed 62656K, reserved 1105920K
  class space    used 7446K, committed 7552K, reserved 1048576K
}
Event: 15.086 GC heap before
{Heap before GC invocations=24 (full 0):
 garbage-first heap   total 92160K, used 72801K [0x0000000082000000, 0x0000000100000000)
  region size 1024K, 29 young (29696K), 3 survivors (3072K)
 Metaspace       used 64322K, committed 64640K, reserved 1114112K
  class space    used 7585K, committed 7744K, reserved 1048576K
}
Event: 15.105 GC heap after
{Heap after GC invocations=25 (full 0):
 garbage-first heap   total 110592K, used 50040K [0x0000000082000000, 0x0000000100000000)
  region size 1024K, 4 young (4096K), 4 survivors (4096K)
 Metaspace       used 64322K, committed 64640K, reserved 1114112K
  class space    used 7585K, committed 7744K, reserved 1048576K
}
Event: 17.447 GC heap before
{Heap before GC invocations=26 (full 0):
 garbage-first heap   total 110592K, used 85880K [0x0000000082000000, 0x0000000100000000)
  region size 1024K, 39 young (39936K), 4 survivors (4096K)
 Metaspace       used 66972K, committed 67264K, reserved 1114112K
  class space    used 7846K, committed 8000K, reserved 1048576K
}
Event: 17.468 GC heap after
{Heap after GC invocations=27 (full 0):
 garbage-first heap   total 110592K, used 54399K [0x0000000082000000, 0x0000000100000000)
  region size 1024K, 4 young (4096K), 4 survivors (4096K)
 Metaspace       used 66972K, committed 67264K, reserved 1114112K
  class space    used 7846K, committed 8000K, reserved 1048576K
}

